<?xml version="1.0" encoding="UTF-8"?>
<testsuite xmlns:xsi="http://www.w3.org/2001/XMLSchema-instance" xsi:noNamespaceSchemaLocation="https://maven.apache.org/surefire/maven-surefire-plugin/xsd/surefire-test-report.xsd" name="org.pr2.AppTest" time="0.042" tests="5" errors="0" skipped="0" failures="1">
  <properties>
[...]
</properties>
  <testcase name="cambioLambda250Ok" classname="org.pr2.AppTest" time="0.012">
    <failure message="expected:&lt;2&gt; but was:&lt;-138&gt;" type="java.lang.AssertionError"><![CDATA[java.lang.AssertionError: expected:<2> but was:<-138>
	at org.pr2.AppTest.cambioLambda250Ok(AppTest.java:43)
]]></failure>
  </testcase>
  <testcase name="cambioIterativo250Ok" classname="org.pr2.AppTest" time="0"/>
  <testcase name="cambioRecursivo250Ok" classname="org.pr2.AppTest" time="0"/>
  <testcase name="cambioRecursivo0Ok" classname="org.pr2.AppTest" time="0"/>
  <testcase name="cambioRecursivo50Ok" classname="org.pr2.AppTest" time="0"/>
</testsuite>